<?xml version="1.0" encoding="UTF-8"?>
<testsuite xmlns:xsi="http://www.w3.org/2001/XMLSchema-instance" xsi:noNamespaceSchemaLocation="https://maven.apache.org/surefire/maven-surefire-plugin/xsd/surefire-test-report-3.0.xsd" version="3.0" name="com.hdt6.PokemonDataTest" time="0.075" tests="2" errors="0" skipped="0" failures="0">
  <properties>
[...]
</properties>
  <testcase name="testAddKleavorToUserCollection" classname="com.hdt6.PokemonDataTest" time="0.021">
    <system-out><![CDATA[Pokemon agregado

]]></system-out>
  </testcase>
  <testcase name="testDuplicateAdditionOfKleavor" classname="com.hdt6.PokemonDataTest" time="0">
    <system-out><![CDATA[Pokemon agregado

El Pokemon ya está en la colección del usuario

]]></system-out>
  </testcase>
</testsuite>